QA output created by 001
LogFile
  numEntries: 9
  nextLogId: {0 9}
  headOffset: 675
  tailOffset: 0
  wrapNum: 0
  numSizeBytes: 675
  maxSizeBytes: 32768
  byteOrder: LittleEndian

--- Read in log file ---
Entry: 0, pos: 0
LogEntry
  size: 75
  logId: {0 0}
  symId: 0
  timeStamp rel: now - 3 secs
  value: true
  value: 42
  value: 43
  value: 3.1415
  value: 0.623712
  value: hi there 0
Symbol Entry <symId: 0, numAccesses: 2, level: DEBUG, message: "test message 0", fname: "testfile0", line: 42, keyTypes: [<key: "bool key", type: Boolean> <key: "u32 key", type: Uint32> <key: "u64 key", type: Uint64> <key: "f32 key", type: Float32> <key: "f64 key", type: Float64> <key: "string key", type: String>]>
Entry: 1, pos: 75
LogEntry
  size: 75
  logId: {0 1}
  symId: 132
  timeStamp rel: now - 3 secs
  value: true
  value: 43
  value: 44
  value: 4.1415
  value: 1.623712
  value: hi there 1
Symbol Entry <symId: 132, numAccesses: 1, level: DEBUG, message: "test message 1", fname: "testfile1", line: 43, keyTypes: [<key: "bool key", type: Boolean> <key: "u32 key", type: Uint32> <key: "u64 key", type: Uint64> <key: "f32 key", type: Float32> <key: "f64 key", type: Float64> <key: "string key", type: String>]>
Entry: 2, pos: 150
LogEntry
  size: 75
  logId: {0 2}
  symId: 264
  timeStamp rel: now - 3 secs
  value: true
  value: 44
  value: 45
  value: 5.1415
  value: 2.6237120000000003
  value: hi there 2
Symbol Entry <symId: 264, numAccesses: 1, level: DEBUG, message: "test message 2", fname: "testfile2", line: 44, keyTypes: [<key: "bool key", type: Boolean> <key: "u32 key", type: Uint32> <key: "u64 key", type: Uint64> <key: "f32 key", type: Float32> <key: "f64 key", type: Float64> <key: "string key", type: String>]>
Entry: 3, pos: 225
LogEntry
  size: 75
  logId: {0 3}
  symId: 396
  timeStamp rel: now - 3 secs
  value: true
  value: 45
  value: 46
  value: 6.1415
  value: 3.6237120000000003
  value: hi there 3
Symbol Entry <symId: 396, numAccesses: 0, level: DEBUG, message: "test message 3", fname: "testfile3", line: 45, keyTypes: [<key: "bool key", type: Boolean> <key: "u32 key", type: Uint32> <key: "u64 key", type: Uint64> <key: "f32 key", type: Float32> <key: "f64 key", type: Float64> <key: "string key", type: String>]>
Entry: 4, pos: 300
LogEntry
  size: 75
  logId: {0 4}
  symId: 528
  timeStamp rel: now - 3 secs
  value: true
  value: 46
  value: 47
  value: 7.1415
  value: 4.623712
  value: hi there 4
Symbol Entry <symId: 528, numAccesses: 0, level: DEBUG, message: "test message 4", fname: "testfile4", line: 46, keyTypes: [<key: "bool key", type: Boolean> <key: "u32 key", type: Uint32> <key: "u64 key", type: Uint64> <key: "f32 key", type: Float32> <key: "f64 key", type: Float64> <key: "string key", type: String>]>
Entry: 5, pos: 375
LogEntry
  size: 75
  logId: {0 5}
  symId: 0
  timeStamp rel: now - 2 secs
  value: true
  value: 42
  value: 43
  value: 3.1415
  value: 0.623712
  value: hi there 0
Symbol Entry <symId: 0, numAccesses: 2, level: DEBUG, message: "test message 0", fname: "testfile0", line: 42, keyTypes: [<key: "bool key", type: Boolean> <key: "u32 key", type: Uint32> <key: "u64 key", type: Uint64> <key: "f32 key", type: Float32> <key: "f64 key", type: Float64> <key: "string key", type: String>]>
Entry: 6, pos: 450
LogEntry
  size: 75
  logId: {0 6}
  symId: 132
  timeStamp rel: now - 2 secs
  value: true
  value: 43
  value: 44
  value: 4.1415
  value: 1.623712
  value: hi there 1
Symbol Entry <symId: 132, numAccesses: 1, level: DEBUG, message: "test message 1", fname: "testfile1", line: 43, keyTypes: [<key: "bool key", type: Boolean> <key: "u32 key", type: Uint32> <key: "u64 key", type: Uint64> <key: "f32 key", type: Float32> <key: "f64 key", type: Float64> <key: "string key", type: String>]>
Entry: 7, pos: 525
LogEntry
  size: 75
  logId: {0 7}
  symId: 264
  timeStamp rel: now - 2 secs
  value: true
  value: 44
  value: 45
  value: 5.1415
  value: 2.6237120000000003
  value: hi there 2
Symbol Entry <symId: 264, numAccesses: 1, level: DEBUG, message: "test message 2", fname: "testfile2", line: 44, keyTypes: [<key: "bool key", type: Boolean> <key: "u32 key", type: Uint32> <key: "u64 key", type: Uint64> <key: "f32 key", type: Float32> <key: "f64 key", type: Float64> <key: "string key", type: String>]>
Entry: 8, pos: 600
LogEntry
  size: 75
  logId: {0 8}
  symId: 0
  timeStamp rel: now - 0 secs
  value: true
  value: 42
  value: 43
  value: 3.1415
  value: 0.623712
  value: hi there 0
Symbol Entry <symId: 0, numAccesses: 2, level: DEBUG, message: "test message 0", fname: "testfile0", line: 42, keyTypes: [<key: "bool key", type: Boolean> <key: "u32 key", type: Uint32> <key: "u64 key", type: Uint64> <key: "f32 key", type: Float32> <key: "f64 key", type: Float64> <key: "string key", type: String>]>
