QA output created by 002
Number of log entries to write 4

--- The log file after creating it ---
LogFile
  numEntries: 3
  nextLogId: {1 1}
  headOffset: 75
  tailOffset: 75
  wrapNum: 1
  numSizeBytes: 225
  maxSizeBytes: 280
  byteOrder: LittleEndian

--- Read in log file ---
Entry: 0
LogEntry
  logId: {0 1}
  symId: 132
  timeStamp rel: now - 0 secs
  value: true
  value: 43
  value: 44
  value: 4.1415
  value: 1.623712
  value: hi there 1
Symbol Entry <symId: 132, numAccesses: 0, level: DEBUG, message: "test message 1", fname: "testfile1", line: 43, keyTypes: [<key: "bool key", type: Boolean> <key: "u32 key", type: Uint32> <key: "u64 key", type: Uint64> <key: "f32 key", type: Float32> <key: "f64 key", type: Float64> <key: "string key", type: String>]>
Entry: 1
LogEntry
  logId: {0 2}
  symId: 264
  timeStamp rel: now - 0 secs
  value: true
  value: 44
  value: 45
  value: 5.1415
  value: 2.6237120000000003
  value: hi there 2
Symbol Entry <symId: 264, numAccesses: 0, level: DEBUG, message: "test message 2", fname: "testfile2", line: 44, keyTypes: [<key: "bool key", type: Boolean> <key: "u32 key", type: Uint32> <key: "u64 key", type: Uint64> <key: "f32 key", type: Float32> <key: "f64 key", type: Float64> <key: "string key", type: String>]>
Entry: 2
LogEntry
  logId: {1 0}
  symId: 396
  timeStamp rel: now - 0 secs
  value: true
  value: 45
  value: 46
  value: 6.1415
  value: 3.6237120000000003
  value: hi there 3
Symbol Entry <symId: 396, numAccesses: 0, level: DEBUG, message: "test message 3", fname: "testfile3", line: 45, keyTypes: [<key: "bool key", type: Boolean> <key: "u32 key", type: Uint32> <key: "u64 key", type: Uint64> <key: "f32 key", type: Float32> <key: "f64 key", type: Float64> <key: "string key", type: String>]>
